

Started GET "/" for ::1 at 2016-01-19 10:30:02 -0800
Processing by Rails::WelcomeController#index as HTML
  Rendered /Library/Ruby/Gems/2.0.0/gems/railties-4.2.4/lib/rails/templates/rails/welcome/index.html.erb (1.6ms)
Completed 200 OK in 29ms (Views: 7.3ms | ActiveRecord: 0.0ms)


Started GET "/" for ::1 at 2016-01-19 10:32:23 -0800
Processing by WelcomeController#index as HTML
  Rendered welcome/index.html.erb within layouts/application (1.3ms)
Completed 200 OK in 2370ms (Views: 2344.3ms | ActiveRecord: 0.0ms)


Started GET "/assets/welcome.self-e3b0c44298fc1c149afbf4c8996fb92427ae41e4649b934ca495991b7852b855.css?body=1" for ::1 at 2016-01-19 10:32:25 -0800


Started GET "/assets/application.self-e80e8f2318043e8af94dddc2adad5a4f09739a8ebb323b3ab31cd71d45fd9113.css?body=1" for ::1 at 2016-01-19 10:32:25 -0800


Started GET "/assets/jquery.self-c64a74367bda6ef8b860f19e74df08927ca99d2be2ac934e9e92d5fd361e0da4.js?body=1" for ::1 at 2016-01-19 10:32:25 -0800


Started GET "/assets/jquery_ujs.self-d602bdfe68ffc63b9f9cc512872aa3cfff046228a0a36e90dd476e8ef54c1b09.js?body=1" for ::1 at 2016-01-19 10:32:25 -0800


Started GET "/assets/turbolinks.self-c37727e9bd6b2735da5c311aa83fead54ed0be6cc8bd9a65309e9c5abe2cbfff.js?body=1" for ::1 at 2016-01-19 10:32:25 -0800


Started GET "/assets/welcome.self-877aef30ae1b040ab8a3aba4e3e309a11d7f2612f44dde450b5c157aa5f95c05.js?body=1" for ::1 at 2016-01-19 10:32:25 -0800


Started GET "/assets/application.self-3b8dabdc891efe46b9a144b400ad69e37d7e5876bdc39dee783419a69d7ca819.js?body=1" for ::1 at 2016-01-19 10:32:25 -0800


Started GET "/" for ::1 at 2016-01-19 10:33:03 -0800
Processing by WelcomeController#index as HTML
  Rendered welcome/index.html.erb within layouts/application (0.4ms)
Completed 200 OK in 15ms (Views: 14.0ms | ActiveRecord: 0.0ms)


Started GET "/assets/welcome.self-e3b0c44298fc1c149afbf4c8996fb92427ae41e4649b934ca495991b7852b855.css?body=1" for ::1 at 2016-01-19 10:33:03 -0800


Started GET "/assets/jquery.self-c64a74367bda6ef8b860f19e74df08927ca99d2be2ac934e9e92d5fd361e0da4.js?body=1" for ::1 at 2016-01-19 10:33:03 -0800


Started GET "/assets/jquery_ujs.self-d602bdfe68ffc63b9f9cc512872aa3cfff046228a0a36e90dd476e8ef54c1b09.js?body=1" for ::1 at 2016-01-19 10:33:03 -0800


Started GET "/assets/welcome.self-877aef30ae1b040ab8a3aba4e3e309a11d7f2612f44dde450b5c157aa5f95c05.js?body=1" for ::1 at 2016-01-19 10:33:03 -0800


Started GET "/assets/application.self-e80e8f2318043e8af94dddc2adad5a4f09739a8ebb323b3ab31cd71d45fd9113.css?body=1" for ::1 at 2016-01-19 10:33:03 -0800


Started GET "/assets/turbolinks.self-c37727e9bd6b2735da5c311aa83fead54ed0be6cc8bd9a65309e9c5abe2cbfff.js?body=1" for ::1 at 2016-01-19 10:33:03 -0800


Started GET "/assets/application.self-3b8dabdc891efe46b9a144b400ad69e37d7e5876bdc39dee783419a69d7ca819.js?body=1" for ::1 at 2016-01-19 10:33:03 -0800
